android/app/build/outputs/logs/manifest-merger-debug-report.txt
-- Merging decision tree log ---
manifest
ADDED from src\main\AndroidManifest.xml:1:1-41:12
INJECTED from src\main\AndroidManifest.xml:1:1-41:12
INJECTED from src\main\AndroidManifest.xml:1:1-41:12
INJECTED from src\main\AndroidManifest.xml:1:1-41:12
MERGED from src\main\AndroidManifest.xml:1:1-41:12
MERGED from [:permission_handler_android] AndroidManifest.xml:2:1-7:12
MERGED from [:agora_rtc_engine] AndroidManifest.xml:2:1-21:12
MERGED from [:url_launcher_android] AndroidManifest.xml:2:1-14:12
MERGED from [:iris_event] AndroidManifest.xml:2:1-7:12
MERGED from [androidx.window:window-java:1.0.0-beta04] AndroidManifest.xml:17:1-23:12
MERGED from [androidx.window:window:1.0.0-beta04] AndroidManifest.xml:17:1-33:12
MERGED from [io.agora.rtc:iris-rtc:4.0.0-rc.2] AndroidManifest.xml:2:1-11:12
MERGED from [io.agora.rtc:agora-special-full:4.0.0.5] AndroidManifest.xml:2:1-11:12
MERGED from [io.agora.rtc:full-screen-sharing:4.0.0.5] AndroidManifest.xml:2:1-20:12
MERGED from [io.agora.rtc:iris-event-flutter:1.4.0] AndroidManifest.xml:2:1-11:12
MERGED from [androidx.fragment:fragment:1.1.0] AndroidManifest.xml:17:1-24:12
MERGED from [androidx.viewpager:viewpager:1.0.0] AndroidManifest.xml:17:1-22:12
MERGED from [androidx.loader:loader:1.0.0] AndroidManifest.xml:17:1-22:12
MERGED from [androidx.activity:activity:1.0.0] AndroidManifest.xml:17:1-24:12
MERGED from [androidx.customview:customview:1.0.0] AndroidManifest.xml:17:1-22:12
MERGED from [androidx.core:core:1.6.0] AndroidManifest.xml:17:1-26:12
MERGED from [androidx.lifecycle:lifecycle-runtime:2.2.0] AndroidManifest.xml:17:1-24:12
MERGED from [androidx.savedstate:savedstate:1.0.0] AndroidManifest.xml:17:1-24:12
MERGED from [androidx.lifecycle:lifecycle-livedata:2.0.0] AndroidManifest.xml:17:1-22:12
MERGED from [androidx.lifecycle:lifecycle-livedata-core:2.0.0] AndroidManifest.xml:17:1-22:12
MERGED from [androidx.tracing:tracing:1.0.0] AndroidManifest.xml:17:1-24:12
MERGED from [androidx.arch.core:core-runtime:2.0.0] AndroidManifest.xml:17:1-22:12
MERGED from [androidx.versionedparcelable:versionedparcelable:1.1.1] AndroidManifest.xml:17:1-27:12
MERGED from [androidx.lifecycle:lifecycle-viewmodel:2.1.0] AndroidManifest.xml:17:1-22:12
MERGED from [androidx.annotation:annotation-experimental:1.1.0] AndroidManifest.xml:17:1-24:12
INJECTED from src\debug\AndroidManifest.xml:1:1-7:12
INJECTED from src\debug\AndroidManifest.xml:1:1-7:12
INJECTED from src\debug\AndroidManifest.xml:1:1-7:12
	package
		ADDED from src\main\AndroidManifest.xml:2:5-38
		INJECTED from src\main\AndroidManifest.xml
		INJECTED from src\debug\AndroidManifest.xml
	android:versionName
		INJECTED from src\main\AndroidManifest.xml
		ADDED from src\main\AndroidManifest.xml:1:1-41:12
		INJECTED from src\debug\AndroidManifest.xml
	android:versionCode
		INJECTED from src\main\AndroidManifest.xml
		ADDED from src\main\AndroidManifest.xml:1:1-41:12
		INJECTED from src\debug\AndroidManifest.xml
	xmlns:android
		ADDED from src\main\AndroidManifest.xml:1:11-69
application
ADDED from src\main\AndroidManifest.xml:3:4-40:19
MERGED from [:url_launcher_android] AndroidManifest.xml:7:5-12:19
MERGED from [:url_launcher_android] AndroidManifest.xml:7:5-12:19
MERGED from [androidx.window:window:1.0.0-beta04] AndroidManifest.xml:24:5-31:19
MERGED from [androidx.window:window:1.0.0-beta04] AndroidManifest.xml:24:5-31:19
MERGED from [io.agora.rtc:full-screen-sharing:4.0.0.5] AndroidManifest.xml:9:5-19:19
MERGED from [io.agora.rtc:full-screen-sharing:4.0.0.5] AndroidManifest.xml:9:5-19:19
MERGED from [androidx.core:core:1.6.0] AndroidManifest.xml:24:5-89
MERGED from [androidx.core:core:1.6.0] AndroidManifest.xml:24:5-89
MERGED from [androidx.versionedparcelable:versionedparcelable:1.1.1] AndroidManifest.xml:24:5-25:19
MERGED from [androidx.versionedparcelable:versionedparcelable:1.1.1] AndroidManifest.xml:24:5-25:19
	android:appComponentFactory
		ADDED from [androidx.core:core:1.6.0] AndroidManifest.xml:24:18-86
	android:label
		ADDED from src\main\AndroidManifest.xml:4:9-36
	android:icon
		ADDED from src\main\AndroidManifest.xml:5:9-43
activity#com.example.signup_page.MainActivity
ADDED from src\main\AndroidManifest.xml:6:9-34:20
	android:launchMode
		ADDED from src\main\AndroidManifest.xml:8:13-43
	android:hardwareAccelerated
		ADDED from src\main\AndroidManifest.xml:11:13-47
	android:windowSoftInputMode
		ADDED from src\main\AndroidManifest.xml:12:13-55
	android:configChanges
		ADDED from src\main\AndroidManifest.xml:10:13-163
	android:theme
		ADDED from src\main\AndroidManifest.xml:9:13-47
	android:name
		ADDED from src\main\AndroidManifest.xml:7:13-41
meta-data#io.flutter.embedding.android.NormalTheme
ADDED from src\main\AndroidManifest.xml:17:13-20:17
	android:resource
		ADDED from src\main\AndroidManifest.xml:19:15-52
	android:name
		ADDED from src\main\AndroidManifest.xml:18:15-70
meta-data#io.flutter.embedding.android.SplashScreenDrawable
ADDED from src\main\AndroidManifest.xml:26:13-29:17
	android:resource
		ADDED from src\main\AndroidManifest.xml:28:15-61
	android:name
		ADDED from src\main\AndroidManifest.xml:27:15-79
intent-filter#action:name:android.intent.action.MAIN+category:name:android.intent.category.LAUNCHER
ADDED from src\main\AndroidManifest.xml:30:13-33:29
action#android.intent.action.MAIN
ADDED from src\main\AndroidManifest.xml:31:17-68
	android:name
		ADDED from src\main\AndroidManifest.xml:31:25-66
category#android.intent.category.LAUNCHER
ADDED from src\main\AndroidManifest.xml:32:17-76
	android:name
		ADDED from src\main\AndroidManifest.xml:32:27-74
meta-data#flutterEmbedding
ADDED from src\main\AndroidManifest.xml:37:9-39:33
	android:value
		ADDED from src\main\AndroidManifest.xml:39:13-30
	android:name
		ADDED from src\main\AndroidManifest.xml:38:13-44
uses-sdk
INJECTED from src\main\AndroidManifest.xml reason: use-sdk injection requested
INJECTED from src\main\AndroidManifest.xml
INJECTED from src\main\AndroidManifest.xml
MERGED from [:permission_handler_android] AndroidManifest.xml:5:5-44
MERGED from [:permission_handler_android] AndroidManifest.xml:5:5-44
MERGED from [:agora_rtc_engine] AndroidManifest.xml:6:5-44
MERGED from [:agora_rtc_engine] AndroidManifest.xml:6:5-44
MERGED from [:url_launcher_android] AndroidManifest.xml:5:5-44
MERGED from [:url_launcher_android] AndroidManifest.xml:5:5-44
MERGED from [:iris_event] AndroidManifest.xml:5:5-44
MERGED from [:iris_event] AndroidManifest.xml:5:5-44
MERGED from [androidx.window:window-java:1.0.0-beta04] AndroidManifest.xml:19:5-21:41
MERGED from [androidx.window:window-java:1.0.0-beta04] AndroidManifest.xml:19:5-21:41
MERGED from [androidx.window:window:1.0.0-beta04] AndroidManifest.xml:20:5-22:41
MERGED from [androidx.window:window:1.0.0-beta04] AndroidManifest.xml:20:5-22:41
MERGED from [io.agora.rtc:iris-rtc:4.0.0-rc.2] AndroidManifest.xml:7:5-9:41
MERGED from [io.agora.rtc:iris-rtc:4.0.0-rc.2] AndroidManifest.xml:7:5-9:41
MERGED from [io.agora.rtc:agora-special-full:4.0.0.5] AndroidManifest.xml:7:5-9:41
MERGED from [io.agora.rtc:agora-special-full:4.0.0.5] AndroidManifest.xml:7:5-9:41
MERGED from [io.agora.rtc:full-screen-sharing:4.0.0.5] AndroidManifest.xml:5:5-73
MERGED from [io.agora.rtc:full-screen-sharing:4.0.0.5] AndroidManifest.xml:5:5-73
MERGED from [io.agora.rtc:iris-event-flutter:1.4.0] AndroidManifest.xml:7:5-9:41
MERGED from [io.agora.rtc:iris-event-flutter:1.4.0] AndroidManifest.xml:7:5-9:41
MERGED from [androidx.fragment:fragment:1.1.0] AndroidManifest.xml:20:5-22:41
MERGED from [androidx.fragment:fragment:1.1.0] AndroidManifest.xml:20:5-22:41
MERGED from [androidx.viewpager:viewpager:1.0.0] AndroidManifest.xml:20:5-44
MERGED from [androidx.viewpager:viewpager:1.0.0] AndroidManifest.xml:20:5-44
MERGED from [androidx.loader:loader:1.0.0] AndroidManifest.xml:20:5-44
MERGED from [androidx.loader:loader:1.0.0] AndroidManifest.xml:20:5-44
MERGED from [androidx.activity:activity:1.0.0] AndroidManifest.xml:20:5-22:41
MERGED from [androidx.activity:activity:1.0.0] AndroidManifest.xml:20:5-22:41
MERGED from [androidx.customview:customview:1.0.0] AndroidManifest.xml:20:5-44
MERGED from [androidx.customview:customview:1.0.0] AndroidManifest.xml:20:5-44
MERGED from [androidx.core:core:1.6.0] AndroidManifest.xml:20:5-22:41
MERGED from [androidx.core:core:1.6.0] AndroidManifest.xml:20:5-22:41
MERGED from [androidx.lifecycle:lifecycle-runtime:2.2.0] AndroidManifest.xml:20:5-22:41
MERGED from [androidx.lifecycle:lifecycle-runtime:2.2.0] AndroidManifest.xml:20:5-22:41
MERGED from [androidx.savedstate:savedstate:1.0.0] AndroidManifest.xml:20:5-22:41
MERGED from [androidx.savedstate:savedstate:1.0.0] AndroidManifest.xml:20:5-22:41
MERGED from [androidx.lifecycle:lifecycle-livedata:2.0.0] AndroidManifest.xml:20:5-44
MERGED from [androidx.lifecycle:lifecycle-livedata:2.0.0] AndroidManifest.xml:20:5-44
MERGED from [androidx.lifecycle:lifecycle-livedata-core:2.0.0] AndroidManifest.xml:20:5-44
MERGED from [androidx.lifecycle:lifecycle-livedata-core:2.0.0] AndroidManifest.xml:20:5-44
MERGED from [androidx.tracing:tracing:1.0.0] AndroidManifest.xml:20:5-22:41
MERGED from [androidx.tracing:tracing:1.0.0] AndroidManifest.xml:20:5-22:41
MERGED from [androidx.arch.core:core-runtime:2.0.0] AndroidManifest.xml:20:5-44
MERGED from [androidx.arch.core:core-runtime:2.0.0] AndroidManifest.xml:20:5-44
MERGED from [androidx.versionedparcelable:versionedparcelable:1.1.1] AndroidManifest.xml:20:5-22:41
MERGED from [androidx.versionedparcelable:versionedparcelable:1.1.1] AndroidManifest.xml:20:5-22:41
MERGED from [androidx.lifecycle:lifecycle-viewmodel:2.1.0] AndroidManifest.xml:20:5-44
MERGED from [androidx.lifecycle:lifecycle-viewmodel:2.1.0] AndroidManifest.xml:20:5-44
MERGED from [androidx.annotation:annotation-experimental:1.1.0] AndroidManifest.xml:20:5-22:41
MERGED from [androidx.annotation:annotation-experimental:1.1.0] AndroidManifest.xml:20:5-22:41
INJECTED from src\debug\AndroidManifest.xml
INJECTED from src\debug\AndroidManifest.xml
	android:targetSdkVersion
		INJECTED from src\main\AndroidManifest.xml
		INJECTED from src\debug\AndroidManifest.xml
	android:minSdkVersion
		INJECTED from src\main\AndroidManifest.xml
		INJECTED from src\debug\AndroidManifest.xml
uses-permission#android.permission.INTERNET
ADDED from src\debug\AndroidManifest.xml:6:5-66
MERGED from [:agora_rtc_engine] AndroidManifest.xml:9:5-67
MERGED from [:agora_rtc_engine] AndroidManifest.xml:9:5-67
	android:name
		ADDED from src\debug\AndroidManifest.xml:6:22-64
uses-permission#android.permission.READ_PHONE_STATE
ADDED from [:agora_rtc_engine] AndroidManifest.xml:8:5-75
	android:name
		ADDED from [:agora_rtc_engine] AndroidManifest.xml:8:22-72
uses-permission#android.permission.RECORD_AUDIO
ADDED from [:agora_rtc_engine] AndroidManifest.xml:10:5-71
	android:name
		ADDED from [:agora_rtc_engine] AndroidManifest.xml:10:22-68
uses-permission#android.permission.CAMERA
ADDED from [:agora_rtc_engine] AndroidManifest.xml:11:5-65
	android:name
		ADDED from [:agora_rtc_engine] AndroidManifest.xml:11:22-62
uses-permission#android.permission.MODIFY_AUDIO_SETTINGS
ADDED from [:agora_rtc_engine] AndroidManifest.xml:12:5-80
	android:name
		ADDED from [:agora_rtc_engine] AndroidManifest.xml:12:22-77
uses-permission#android.permission.ACCESS_NETWORK_STATE
ADDED from [:agora_rtc_engine] AndroidManifest.xml:13:5-79
	android:name
		ADDED from [:agora_rtc_engine] AndroidManifest.xml:13:22-76
uses-permission#android.permission.BLUETOOTH
ADDED from [:agora_rtc_engine] AndroidManifest.xml:14:5-68
	android:name
		ADDED from [:agora_rtc_engine] AndroidManifest.xml:14:22-65
uses-permission#android.permission.ACCESS_WIFI_STATE
ADDED from [:agora_rtc_engine] AndroidManifest.xml:15:5-76
	android:name
		ADDED from [:agora_rtc_engine] AndroidManifest.xml:15:22-73
uses-permission#android.permission.READ_EXTERNAL_STORAGE
ADDED from [:agora_rtc_engine] AndroidManifest.xml:16:5-80
	android:name
		ADDED from [:agora_rtc_engine] AndroidManifest.xml:16:22-77
uses-permission#android.permission.READ_PRIVILEGED_PHONE_STATE
ADDED from [:agora_rtc_engine] AndroidManifest.xml:17:5-19:47
	tools:ignore
		ADDED from [:agora_rtc_engine] AndroidManifest.xml:19:9-44
	android:name
		ADDED from [:agora_rtc_engine] AndroidManifest.xml:18:9-70
activity#io.flutter.plugins.urllauncher.WebViewActivity
ADDED from [:url_launcher_android] AndroidManifest.xml:8:9-11:74
	android:exported
		ADDED from [:url_launcher_android] AndroidManifest.xml:10:13-37
	android:theme
		ADDED from [:url_launcher_android] AndroidManifest.xml:11:13-71
	android:name
		ADDED from [:url_launcher_android] AndroidManifest.xml:9:13-74
uses-library#androidx.window.extensions
ADDED from [androidx.window:window:1.0.0-beta04] AndroidManifest.xml:25:9-27:40
	android:required
		ADDED from [androidx.window:window:1.0.0-beta04] AndroidManifest.xml:27:13-37
	android:name
		ADDED from [androidx.window:window:1.0.0-beta04] AndroidManifest.xml:26:13-54
uses-library#androidx.window.sidecar
ADDED from [androidx.window:window:1.0.0-beta04] AndroidManifest.xml:28:9-30:40
	android:required
		ADDED from [androidx.window:window:1.0.0-beta04] AndroidManifest.xml:30:13-37
	android:name
		ADDED from [androidx.window:window:1.0.0-beta04] AndroidManifest.xml:29:13-51
uses-permission#android.permission.FOREGROUND_SERVICE
ADDED from [io.agora.rtc:full-screen-sharing:4.0.0.5] AndroidManifest.xml:7:5-77
	android:name
		ADDED from [io.agora.rtc:full-screen-sharing:4.0.0.5] AndroidManifest.xml:7:22-74
activity#io.agora.rtc2.extensions.MediaProjectionMgr$LocalScreenCaptureAssistantActivity
ADDED from [io.agora.rtc:full-screen-sharing:4.0.0.5] AndroidManifest.xml:10:9-13:63
	android:screenOrientation
		ADDED from [io.agora.rtc:full-screen-sharing:4.0.0.5] AndroidManifest.xml:12:13-49
	android:configChanges
		ADDED from [io.agora.rtc:full-screen-sharing:4.0.0.5] AndroidManifest.xml:11:13-59
	android:theme
		ADDED from [io.agora.rtc:full-screen-sharing:4.0.0.5] AndroidManifest.xml:13:13-61
	android:name
		ADDED from [io.agora.rtc:full-screen-sharing:4.0.0.5] AndroidManifest.xml:10:19-89
service#io.agora.rtc2.extensions.MediaProjectionMgr$LocalScreenSharingService
ADDED from [io.agora.rtc:full-screen-sharing:4.0.0.5] AndroidManifest.xml:15:9-18:19
	android:foregroundServiceType
		ADDED from [io.agora.rtc:full-screen-sharing:4.0.0.5] AndroidManifest.xml:17:13-60
	android:name
		ADDED from [io.agora.rtc:full-screen-sharing:4.0.0.5] AndroidManifest.xml:16:13-73